mode: set
Manufacturing-Supplier-Portal/service/equipments_service/equipments_service.go:15.56,19.2 1 0
Manufacturing-Supplier-Portal/service/equipments_service/equipments_service.go:21.81,23.2 1 0
Manufacturing-Supplier-Portal/service/equipments_service/equipments_service.go:24.69,26.2 1 0
Manufacturing-Supplier-Portal/service/equipments_service/equipments_service.go:27.73,29.2 1 0
Manufacturing-Supplier-Portal/service/equipments_service/equipments_service.go:30.89,32.2 1 0
Manufacturing-Supplier-Portal/service/equipments_service/equipments_service.go:33.58,35.2 1 0
Manufacturing-Supplier-Portal/service/users_service/users_service.go:26.61,31.2 1 0
Manufacturing-Supplier-Portal/service/users_service/users_service.go:33.63,35.22 2 0
Manufacturing-Supplier-Portal/service/users_service/users_service.go:35.22,37.3 1 0
Manufacturing-Supplier-Portal/service/users_service/users_service.go:39.2,40.16 2 0
Manufacturing-Supplier-Portal/service/users_service/users_service.go:40.16,42.3 1 0
Manufacturing-Supplier-Portal/service/users_service/users_service.go:44.2,47.30 3 0
Manufacturing-Supplier-Portal/service/users_service/users_service.go:50.69,52.16 2 0
Manufacturing-Supplier-Portal/service/users_service/users_service.go:52.16,54.3 1 0
Manufacturing-Supplier-Portal/service/users_service/users_service.go:56.2,57.16 2 0
Manufacturing-Supplier-Portal/service/users_service/users_service.go:57.16,59.3 1 0
Manufacturing-Supplier-Portal/service/users_service/users_service.go:61.2,77.16 4 0
Manufacturing-Supplier-Portal/service/users_service/users_service.go:77.16,79.3 1 0
Manufacturing-Supplier-Portal/service/users_service/users_service.go:81.2,81.25 1 0
Manufacturing-Supplier-Portal/service/users_service/users_service.go:84.70,86.16 2 0
Manufacturing-Supplier-Portal/service/users_service/users_service.go:86.16,88.3 1 0
Manufacturing-Supplier-Portal/service/users_service/users_service.go:90.2,90.18 1 0
Manufacturing-Supplier-Portal/service/users_service/users_service.go:93.57,95.2 1 0
Manufacturing-Supplier-Portal/service/users_service/users_service.go:97.77,99.16 2 0
Manufacturing-Supplier-Portal/service/users_service/users_service.go:99.16,101.3 1 0
Manufacturing-Supplier-Portal/service/users_service/users_service.go:103.2,105.51 2 0
Manufacturing-Supplier-Portal/service/payments_service/payments_service.go:14.52,18.2 1 1
Manufacturing-Supplier-Portal/service/payments_service/payments_service.go:20.66,22.2 1 1
Manufacturing-Supplier-Portal/service/payments_service/payments_service.go:23.75,25.2 1 1
Manufacturing-Supplier-Portal/service/payments_service/payments_service.go:26.85,28.2 1 1
Manufacturing-Supplier-Portal/service/payments_service/payments_service.go:29.68,31.2 1 1
Manufacturing-Supplier-Portal/service/rentals_service/rentals_service.go:38.11,47.2 1 1
Manufacturing-Supplier-Portal/service/rentals_service/rentals_service.go:49.83,54.16 4 1
Manufacturing-Supplier-Portal/service/rentals_service/rentals_service.go:54.16,56.3 1 1
Manufacturing-Supplier-Portal/service/rentals_service/rentals_service.go:58.2,58.27 1 1
Manufacturing-Supplier-Portal/service/rentals_service/rentals_service.go:58.27,60.3 1 0
Manufacturing-Supplier-Portal/service/rentals_service/rentals_service.go:62.2,63.27 2 1
Manufacturing-Supplier-Portal/service/rentals_service/rentals_service.go:64.13,65.32 1 0
Manufacturing-Supplier-Portal/service/rentals_service/rentals_service.go:66.14,67.33 1 0
Manufacturing-Supplier-Portal/service/rentals_service/rentals_service.go:68.15,69.34 1 0
Manufacturing-Supplier-Portal/service/rentals_service/rentals_service.go:70.14,71.33 1 0
Manufacturing-Supplier-Portal/service/rentals_service/rentals_service.go:74.2,75.16 2 1
Manufacturing-Supplier-Portal/service/rentals_service/rentals_service.go:75.16,77.3 1 1
Manufacturing-Supplier-Portal/service/rentals_service/rentals_service.go:78.2,78.32 1 1
Manufacturing-Supplier-Portal/service/rentals_service/rentals_service.go:78.32,80.3 1 0
Manufacturing-Supplier-Portal/service/rentals_service/rentals_service.go:82.2,86.16 4 1
Manufacturing-Supplier-Portal/service/rentals_service/rentals_service.go:86.16,88.3 1 1
Manufacturing-Supplier-Portal/service/rentals_service/rentals_service.go:89.2,95.16 2 1
Manufacturing-Supplier-Portal/service/rentals_service/rentals_service.go:95.16,97.3 1 1
Manufacturing-Supplier-Portal/service/rentals_service/rentals_service.go:99.2,100.16 2 0
Manufacturing-Supplier-Portal/service/rentals_service/rentals_service.go:100.16,102.3 1 0
Manufacturing-Supplier-Portal/service/rentals_service/rentals_service.go:104.2,105.16 2 0
Manufacturing-Supplier-Portal/service/rentals_service/rentals_service.go:105.16,107.3 1 0
Manufacturing-Supplier-Portal/service/rentals_service/rentals_service.go:109.2,110.16 2 0
Manufacturing-Supplier-Portal/service/rentals_service/rentals_service.go:110.16,112.3 1 0
Manufacturing-Supplier-Portal/service/rentals_service/rentals_service.go:114.2,114.31 1 0
Manufacturing-Supplier-Portal/service/rentals_service/rentals_service.go:117.90,125.16 8 0
Manufacturing-Supplier-Portal/service/rentals_service/rentals_service.go:125.16,127.3 1 0
Manufacturing-Supplier-Portal/service/rentals_service/rentals_service.go:129.2,129.21 1 0
Manufacturing-Supplier-Portal/service/rentals_service/rentals_service.go:132.149,134.36 2 0
Manufacturing-Supplier-Portal/service/rentals_service/rentals_service.go:134.36,136.3 1 0
Manufacturing-Supplier-Portal/service/rentals_service/rentals_service.go:137.2,149.34 12 0
Manufacturing-Supplier-Portal/service/rentals_service/rentals_service.go:152.89,154.16 2 0
Manufacturing-Supplier-Portal/service/rentals_service/rentals_service.go:154.16,156.3 1 0
Manufacturing-Supplier-Portal/service/rentals_service/rentals_service.go:158.2,159.16 2 0
Manufacturing-Supplier-Portal/service/rentals_service/rentals_service.go:159.16,161.3 1 0
Manufacturing-Supplier-Portal/service/rentals_service/rentals_service.go:163.2,167.16 4 0
Manufacturing-Supplier-Portal/service/rentals_service/rentals_service.go:168.16,169.30 1 0
Manufacturing-Supplier-Portal/service/rentals_service/rentals_service.go:170.14,171.15 1 0
Manufacturing-Supplier-Portal/service/rentals_service/rentals_service.go:172.15,173.19 1 0
Manufacturing-Supplier-Portal/service/rentals_service/rentals_service.go:174.16,175.20 1 0
Manufacturing-Supplier-Portal/service/rentals_service/rentals_service.go:176.15,177.21 1 0
Manufacturing-Supplier-Portal/service/rentals_service/rentals_service.go:180.3,186.17 5 0
Manufacturing-Supplier-Portal/service/rentals_service/rentals_service.go:186.17,188.4 1 0
Manufacturing-Supplier-Portal/service/rentals_service/rentals_service.go:190.3,196.17 2 0
Manufacturing-Supplier-Portal/service/rentals_service/rentals_service.go:196.17,198.4 1 0
Manufacturing-Supplier-Portal/service/rentals_service/rentals_service.go:201.3,202.17 2 0
Manufacturing-Supplier-Portal/service/rentals_service/rentals_service.go:202.17,204.4 1 0
Manufacturing-Supplier-Portal/service/rentals_service/rentals_service.go:207.3,211.17 3 0
Manufacturing-Supplier-Portal/service/rentals_service/rentals_service.go:211.17,213.4 1 0
Manufacturing-Supplier-Portal/service/rentals_service/rentals_service.go:215.19,222.17 2 0
Manufacturing-Supplier-Portal/service/rentals_service/rentals_service.go:222.17,224.4 1 0
Manufacturing-Supplier-Portal/service/rentals_service/rentals_service.go:227.2,227.91 1 0
Manufacturing-Supplier-Portal/service/rentals_service/rentals_service.go:230.122,232.2 1 0
Manufacturing-Supplier-Portal/service/rentals_service/rentals_service.go:234.69,236.2 1 0
